<?xml version="1.0" encoding="UTF-8"?>
<!-- Generated by org.testng.reporters.JUnitReportReporter -->
<testsuite skipped="0" hostname="DESKTOP-1B43LM4" name="org.testcase.Test_Cases_Instagram" tests="1" failures="0" timestamp="25 Oct 2021 03:48:02 GMT" time="6.810" errors="0">
  <testcase name="userName_Phone_Num" time="6.810" classname="org.testcase.Test_Cases_Instagram"/>
</testsuite> <!-- org.testcase.Test_Cases_Instagram -->
